<?xml version="1.0" encoding="UTF-8"?>
<!-- Generated by org.testng.reporters.JUnitReportReporter -->
<testsuite hostname="srivastav" failures="0" tests="1" name="testcase.LoginTest" time="15.236" errors="0" timestamp="2023-03-23T10:44:35 IST" skipped="0">
  <testcase classname="testcase.LoginTest" name="f" time="15.236"/>
  <system-out/>
</testsuite> <!-- testcase.LoginTest -->
