<?xml version="1.0" encoding="UTF-8"?>
<!-- Generated by org.testng.reporters.JUnitReportReporter -->
<testsuite hostname="srivastav" failures="0" tests="1" name="testcase.RegisterTest" time="4.321" errors="0" timestamp="2023-03-23T10:58:33 IST" skipped="0">
  <testcase classname="testcase.RegisterTest" name="f" time="4.321"/>
  <system-out/>
</testsuite> <!-- testcase.RegisterTest -->
